<?xml version="1.0" encoding="UTF-8"?>
<!-- Generated by org.testng.reporters.JUnitXMLReporter -->
<testsuite ignored="9" hostname="Sukhvinder" failures="0" tests="2" name="Default test" time="20.672" errors="0" timestamp="2025-07-11T01:53:15 IST">
  <testcase classname="testcases.RestAssured_TestCases" name="loginWithSeleniumAndGetCookie" time="16.655"/>
  <testcase classname="testcases.RestAssured_TestCases" name="deleteValidUsers" time="3.973"/>
  <testcase classname="testcases.RestAssured_TestCases" name="getAdminLicenses" time="0.0">
    <ignored/>
  </testcase> <!-- getAdminLicenses -->
  <testcase classname="testcases.RestAssured_TestCases" name="postUniquePaygrade" time="0.0">
    <ignored/>
  </testcase> <!-- postUniquePaygrade -->
  <testcase classname="testcases.RestAssured_TestCases" name="getSubunitsTree" time="0.0">
    <ignored/>
  </testcase> <!-- getSubunitsTree -->
  <testcase classname="testcases.RestAssured_TestCases" name="getAdminEdu" time="0.0">
    <ignored/>
  </testcase> <!-- getAdminEdu -->
  <testcase classname="testcases.RestAssured_TestCases" name="getAdminLanguages" time="0.0">
    <ignored/>
  </testcase> <!-- getAdminLanguages -->
  <testcase classname="testcases.RestAssured_TestCases" name="postNewJobTitles" time="0.0">
    <ignored/>
  </testcase> <!-- postNewJobTitles -->
  <testcase classname="testcases.RestAssured_TestCases" name="deletePaygradeById" time="0.0">
    <ignored/>
  </testcase> <!-- deletePaygradeById -->
  <testcase classname="testcases.RestAssured_TestCases" name="putJobTitleByID" time="0.0">
    <ignored/>
  </testcase> <!-- putJobTitleByID -->
  <testcase classname="testcases.RestAssured_TestCases" name="getAdminSkills" time="0.0">
    <ignored/>
  </testcase> <!-- getAdminSkills -->
</testsuite> <!-- Default test -->
